ERROR - 2022-02-03 09:31:21 --> Unknown column 'users.deleted_at' in 'where clause'
ERROR - 2022-02-03 09:31:21 --> Unknown column 'users.deleted_at' in 'where clause'
CRITICAL - 2022-02-03 09:31:21 --> Call to a member function getResult() on bool
#0 /var/www/ava/system/BaseModel.php(584): CodeIgniter\Model->doFindAll()
#1 /var/www/ava/system/BaseModel.php(1088): CodeIgniter\BaseModel->findAll()
#2 /var/www/ava/app/Controllers/User.php(20): CodeIgniter\BaseModel->paginate()
#3 /var/www/ava/system/CodeIgniter.php(825): App\Controllers\User->index()
#4 /var/www/ava/system/CodeIgniter.php(412): CodeIgniter\CodeIgniter->runController()
#5 /var/www/ava/system/CodeIgniter.php(320): CodeIgniter\CodeIgniter->handleRequest()
#6 /var/www/ava/public/index.php(37): CodeIgniter\CodeIgniter->run()
#7 {main}
ERROR - 2022-02-03 09:31:26 --> Unknown column 'users.deleted_at' in 'where clause'
ERROR - 2022-02-03 09:31:26 --> Unknown column 'users.deleted_at' in 'where clause'
CRITICAL - 2022-02-03 09:31:26 --> Call to a member function getResult() on bool
#0 /var/www/ava/system/BaseModel.php(584): CodeIgniter\Model->doFindAll()
#1 /var/www/ava/system/BaseModel.php(1088): CodeIgniter\BaseModel->findAll()
#2 /var/www/ava/app/Controllers/User.php(20): CodeIgniter\BaseModel->paginate()
#3 /var/www/ava/system/CodeIgniter.php(825): App\Controllers\User->index()
#4 /var/www/ava/system/CodeIgniter.php(412): CodeIgniter\CodeIgniter->runController()
#5 /var/www/ava/system/CodeIgniter.php(320): CodeIgniter\CodeIgniter->handleRequest()
#6 /var/www/ava/public/index.php(37): CodeIgniter\CodeIgniter->run()
#7 {main}
ERROR - 2022-02-03 09:31:50 --> Unknown column 'users.deleted_at' in 'where clause'
ERROR - 2022-02-03 09:31:50 --> Unknown column 'users.deleted_at' in 'where clause'
CRITICAL - 2022-02-03 09:31:50 --> Call to a member function getResult() on bool
#0 /var/www/ava/system/BaseModel.php(584): CodeIgniter\Model->doFindAll()
#1 /var/www/ava/system/BaseModel.php(1088): CodeIgniter\BaseModel->findAll()
#2 /var/www/ava/app/Controllers/User.php(20): CodeIgniter\BaseModel->paginate()
#3 /var/www/ava/system/CodeIgniter.php(825): App\Controllers\User->index()
#4 /var/www/ava/system/CodeIgniter.php(412): CodeIgniter\CodeIgniter->runController()
#5 /var/www/ava/system/CodeIgniter.php(320): CodeIgniter\CodeIgniter->handleRequest()
#6 /var/www/ava/public/index.php(37): CodeIgniter\CodeIgniter->run()
#7 {main}
ERROR - 2022-02-03 09:31:51 --> Unknown column 'users.deleted_at' in 'where clause'
ERROR - 2022-02-03 09:31:51 --> Unknown column 'users.deleted_at' in 'where clause'
CRITICAL - 2022-02-03 09:31:51 --> Call to a member function getResult() on bool
#0 /var/www/ava/system/BaseModel.php(584): CodeIgniter\Model->doFindAll()
#1 /var/www/ava/system/BaseModel.php(1088): CodeIgniter\BaseModel->findAll()
#2 /var/www/ava/app/Controllers/User.php(20): CodeIgniter\BaseModel->paginate()
#3 /var/www/ava/system/CodeIgniter.php(825): App\Controllers\User->index()
#4 /var/www/ava/system/CodeIgniter.php(412): CodeIgniter\CodeIgniter->runController()
#5 /var/www/ava/system/CodeIgniter.php(320): CodeIgniter\CodeIgniter->handleRequest()
#6 /var/www/ava/public/index.php(37): CodeIgniter\CodeIgniter->run()
#7 {main}
ERROR - 2022-02-03 09:31:58 --> Unknown column 'users.deleted_at' in 'where clause'
ERROR - 2022-02-03 09:31:58 --> Unknown column 'users.deleted_at' in 'where clause'
CRITICAL - 2022-02-03 09:31:58 --> Call to a member function getResult() on bool
#0 /var/www/ava/system/BaseModel.php(584): CodeIgniter\Model->doFindAll()
#1 /var/www/ava/system/BaseModel.php(1088): CodeIgniter\BaseModel->findAll()
#2 /var/www/ava/app/Controllers/User.php(20): CodeIgniter\BaseModel->paginate()
#3 /var/www/ava/system/CodeIgniter.php(825): App\Controllers\User->index()
#4 /var/www/ava/system/CodeIgniter.php(412): CodeIgniter\CodeIgniter->runController()
#5 /var/www/ava/system/CodeIgniter.php(320): CodeIgniter\CodeIgniter->handleRequest()
#6 /var/www/ava/public/index.php(37): CodeIgniter\CodeIgniter->run()
#7 {main}
