CRITICAL - 2022-02-15 06:52:20 --> Call to undefined function set_value()
#0 /var/www/ava/system/View/View.php(210): include()
#1 /var/www/ava/system/View/View.php(213): CodeIgniter\View\View->CodeIgniter\View\{closure}()
#2 /var/www/ava/system/Common.php(1089): CodeIgniter\View\View->render()
#3 /var/www/ava/app/Controllers/User.php(44): view()
#4 /var/www/ava/system/CodeIgniter.php(825): App\Controllers\User->create()
#5 /var/www/ava/system/CodeIgniter.php(412): CodeIgniter\CodeIgniter->runController()
#6 /var/www/ava/system/CodeIgniter.php(320): CodeIgniter\CodeIgniter->handleRequest()
#7 /var/www/ava/public/index.php(38): CodeIgniter\CodeIgniter->run()
#8 {main}
CRITICAL - 2022-02-15 07:34:29 --> Undefined property: App\Controllers\User::$load
#0 /var/www/ava/app/Controllers/User.php(44): CodeIgniter\Debug\Exceptions->errorHandler()
#1 /var/www/ava/system/CodeIgniter.php(825): App\Controllers\User->create()
#2 /var/www/ava/system/CodeIgniter.php(412): CodeIgniter\CodeIgniter->runController()
#3 /var/www/ava/system/CodeIgniter.php(320): CodeIgniter\CodeIgniter->handleRequest()
#4 /var/www/ava/public/index.php(38): CodeIgniter\CodeIgniter->run()
#5 {main}
CRITICAL - 2022-02-15 07:59:35 --> Invalid file: registration.php
#0 /var/www/ava/system/View/View.php(198): CodeIgniter\Exceptions\FrameworkException::forInvalidFile()
#1 /var/www/ava/system/Common.php(1089): CodeIgniter\View\View->render()
#2 /var/www/ava/app/Controllers/User.php(54): view()
#3 /var/www/ava/system/CodeIgniter.php(825): App\Controllers\User->create()
#4 /var/www/ava/system/CodeIgniter.php(412): CodeIgniter\CodeIgniter->runController()
#5 /var/www/ava/system/CodeIgniter.php(320): CodeIgniter\CodeIgniter->handleRequest()
#6 /var/www/ava/public/index.php(38): CodeIgniter\CodeIgniter->run()
#7 {main}
CRITICAL - 2022-02-15 08:01:12 --> Call to undefined function set_value()
#0 /var/www/ava/system/View/View.php(210): include()
#1 /var/www/ava/system/View/View.php(213): CodeIgniter\View\View->CodeIgniter\View\{closure}()
#2 /var/www/ava/system/Common.php(1089): CodeIgniter\View\View->render()
#3 /var/www/ava/app/Controllers/User.php(54): view()
#4 /var/www/ava/system/CodeIgniter.php(825): App\Controllers\User->create()
#5 /var/www/ava/system/CodeIgniter.php(412): CodeIgniter\CodeIgniter->runController()
#6 /var/www/ava/system/CodeIgniter.php(320): CodeIgniter\CodeIgniter->handleRequest()
#7 /var/www/ava/public/index.php(38): CodeIgniter\CodeIgniter->run()
#8 {main}
CRITICAL - 2022-02-15 08:01:30 --> Call to undefined function set_value()
#0 /var/www/ava/system/View/View.php(210): include()
#1 /var/www/ava/system/View/View.php(213): CodeIgniter\View\View->CodeIgniter\View\{closure}()
#2 /var/www/ava/system/Common.php(1089): CodeIgniter\View\View->render()
#3 /var/www/ava/app/Controllers/User.php(54): view()
#4 /var/www/ava/system/CodeIgniter.php(825): App\Controllers\User->create()
#5 /var/www/ava/system/CodeIgniter.php(412): CodeIgniter\CodeIgniter->runController()
#6 /var/www/ava/system/CodeIgniter.php(320): CodeIgniter\CodeIgniter->handleRequest()
#7 /var/www/ava/public/index.php(38): CodeIgniter\CodeIgniter->run()
#8 {main}
CRITICAL - 2022-02-15 08:06:19 --> Call to undefined function form_open()
#0 /var/www/ava/system/View/View.php(210): include()
#1 /var/www/ava/system/View/View.php(213): CodeIgniter\View\View->CodeIgniter\View\{closure}()
#2 /var/www/ava/system/Common.php(1089): CodeIgniter\View\View->render()
#3 /var/www/ava/app/Controllers/User.php(54): view()
#4 /var/www/ava/system/CodeIgniter.php(825): App\Controllers\User->create()
#5 /var/www/ava/system/CodeIgniter.php(412): CodeIgniter\CodeIgniter->runController()
#6 /var/www/ava/system/CodeIgniter.php(320): CodeIgniter\CodeIgniter->handleRequest()
#7 /var/www/ava/public/index.php(38): CodeIgniter\CodeIgniter->run()
#8 {main}
CRITICAL - 2022-02-15 08:06:32 --> Call to undefined function form_open()
#0 /var/www/ava/system/View/View.php(210): include()
#1 /var/www/ava/system/View/View.php(213): CodeIgniter\View\View->CodeIgniter\View\{closure}()
#2 /var/www/ava/system/Common.php(1089): CodeIgniter\View\View->render()
#3 /var/www/ava/app/Controllers/User.php(54): view()
#4 /var/www/ava/system/CodeIgniter.php(825): App\Controllers\User->create()
#5 /var/www/ava/system/CodeIgniter.php(412): CodeIgniter\CodeIgniter->runController()
#6 /var/www/ava/system/CodeIgniter.php(320): CodeIgniter\CodeIgniter->handleRequest()
#7 /var/www/ava/public/index.php(38): CodeIgniter\CodeIgniter->run()
#8 {main}
CRITICAL - 2022-02-15 08:06:40 --> Call to undefined function form_open()
#0 /var/www/ava/system/View/View.php(210): include()
#1 /var/www/ava/system/View/View.php(213): CodeIgniter\View\View->CodeIgniter\View\{closure}()
#2 /var/www/ava/system/Common.php(1089): CodeIgniter\View\View->render()
#3 /var/www/ava/app/Controllers/User.php(54): view()
#4 /var/www/ava/system/CodeIgniter.php(825): App\Controllers\User->create()
#5 /var/www/ava/system/CodeIgniter.php(412): CodeIgniter\CodeIgniter->runController()
#6 /var/www/ava/system/CodeIgniter.php(320): CodeIgniter\CodeIgniter->handleRequest()
#7 /var/www/ava/public/index.php(38): CodeIgniter\CodeIgniter->run()
#8 {main}
CRITICAL - 2022-02-15 08:09:04 --> Invalid file: registration.php
#0 /var/www/ava/system/View/View.php(198): CodeIgniter\Exceptions\FrameworkException::forInvalidFile()
#1 /var/www/ava/system/Common.php(1089): CodeIgniter\View\View->render()
#2 /var/www/ava/app/Controllers/User.php(54): view()
#3 /var/www/ava/system/CodeIgniter.php(825): App\Controllers\User->create()
#4 /var/www/ava/system/CodeIgniter.php(412): CodeIgniter\CodeIgniter->runController()
#5 /var/www/ava/system/CodeIgniter.php(320): CodeIgniter\CodeIgniter->handleRequest()
#6 /var/www/ava/public/index.php(38): CodeIgniter\CodeIgniter->run()
#7 {main}
CRITICAL - 2022-02-15 08:09:12 --> Invalid file: registration.php
#0 /var/www/ava/system/View/View.php(198): CodeIgniter\Exceptions\FrameworkException::forInvalidFile()
#1 /var/www/ava/system/Common.php(1089): CodeIgniter\View\View->render()
#2 /var/www/ava/app/Controllers/User.php(54): view()
#3 /var/www/ava/system/CodeIgniter.php(825): App\Controllers\User->create()
#4 /var/www/ava/system/CodeIgniter.php(412): CodeIgniter\CodeIgniter->runController()
#5 /var/www/ava/system/CodeIgniter.php(320): CodeIgniter\CodeIgniter->handleRequest()
#6 /var/www/ava/public/index.php(38): CodeIgniter\CodeIgniter->run()
#7 {main}
CRITICAL - 2022-02-15 08:09:12 --> Invalid file: registration.php
#0 /var/www/ava/system/View/View.php(198): CodeIgniter\Exceptions\FrameworkException::forInvalidFile()
#1 /var/www/ava/system/Common.php(1089): CodeIgniter\View\View->render()
#2 /var/www/ava/app/Controllers/User.php(54): view()
#3 /var/www/ava/system/CodeIgniter.php(825): App\Controllers\User->create()
#4 /var/www/ava/system/CodeIgniter.php(412): CodeIgniter\CodeIgniter->runController()
#5 /var/www/ava/system/CodeIgniter.php(320): CodeIgniter\CodeIgniter->handleRequest()
#6 /var/www/ava/public/index.php(38): CodeIgniter\CodeIgniter->run()
#7 {main}
CRITICAL - 2022-02-15 08:09:26 --> Invalid file: registration.php
#0 /var/www/ava/system/View/View.php(198): CodeIgniter\Exceptions\FrameworkException::forInvalidFile()
#1 /var/www/ava/system/Common.php(1089): CodeIgniter\View\View->render()
#2 /var/www/ava/app/Controllers/User.php(54): view()
#3 /var/www/ava/system/CodeIgniter.php(825): App\Controllers\User->create()
#4 /var/www/ava/system/CodeIgniter.php(412): CodeIgniter\CodeIgniter->runController()
#5 /var/www/ava/system/CodeIgniter.php(320): CodeIgniter\CodeIgniter->handleRequest()
#6 /var/www/ava/public/index.php(38): CodeIgniter\CodeIgniter->run()
#7 {main}
