CRITICAL - 2022-02-02 06:54:11 --> Undefined array key "lastname"
#0 /var/www/ava/app/Views/users.php(60): CodeIgniter\Debug\Exceptions->errorHandler()
#1 /var/www/ava/system/View/View.php(210): include('...')
#2 /var/www/ava/system/View/View.php(213): CodeIgniter\View\View->CodeIgniter\View\{closure}()
#3 /var/www/ava/system/Common.php(1089): CodeIgniter\View\View->render()
#4 /var/www/ava/app/Controllers/User.php(21): view()
#5 /var/www/ava/system/CodeIgniter.php(825): App\Controllers\User->index()
#6 /var/www/ava/system/CodeIgniter.php(412): CodeIgniter\CodeIgniter->runController()
#7 /var/www/ava/system/CodeIgniter.php(320): CodeIgniter\CodeIgniter->handleRequest()
#8 /var/www/ava/public/index.php(37): CodeIgniter\CodeIgniter->run()
#9 {main}
CRITICAL - 2022-02-02 07:50:12 --> anchor(): Argument #4 ($altConfig) must be of type ?Config\App, array given, called in /var/www/ava/app/Views/users.php on line 64
#0 /var/www/ava/app/Views/users.php(64): anchor()
#1 /var/www/ava/system/View/View.php(210): include('...')
#2 /var/www/ava/system/View/View.php(213): CodeIgniter\View\View->CodeIgniter\View\{closure}()
#3 /var/www/ava/system/Common.php(1089): CodeIgniter\View\View->render()
#4 /var/www/ava/app/Controllers/User.php(21): view()
#5 /var/www/ava/system/CodeIgniter.php(825): App\Controllers\User->index()
#6 /var/www/ava/system/CodeIgniter.php(412): CodeIgniter\CodeIgniter->runController()
#7 /var/www/ava/system/CodeIgniter.php(320): CodeIgniter\CodeIgniter->handleRequest()
#8 /var/www/ava/public/index.php(37): CodeIgniter\CodeIgniter->run()
#9 {main}
CRITICAL - 2022-02-02 07:52:58 --> anchor(): Argument #4 ($altConfig) must be of type ?Config\App, array given, called in /var/www/ava/app/Views/users.php on line 64
#0 /var/www/ava/app/Views/users.php(64): anchor()
#1 /var/www/ava/system/View/View.php(210): include('...')
#2 /var/www/ava/system/View/View.php(213): CodeIgniter\View\View->CodeIgniter\View\{closure}()
#3 /var/www/ava/system/Common.php(1089): CodeIgniter\View\View->render()
#4 /var/www/ava/app/Controllers/User.php(21): view()
#5 /var/www/ava/system/CodeIgniter.php(825): App\Controllers\User->index()
#6 /var/www/ava/system/CodeIgniter.php(412): CodeIgniter\CodeIgniter->runController()
#7 /var/www/ava/system/CodeIgniter.php(320): CodeIgniter\CodeIgniter->handleRequest()
#8 /var/www/ava/public/index.php(37): CodeIgniter\CodeIgniter->run()
#9 {main}
CRITICAL - 2022-02-02 07:58:53 --> anchor(): Argument #4 ($altConfig) must be of type ?Config\App, array given, called in /var/www/ava/app/Views/users.php on line 64
#0 /var/www/ava/app/Views/users.php(64): anchor()
#1 /var/www/ava/system/View/View.php(210): include('...')
#2 /var/www/ava/system/View/View.php(213): CodeIgniter\View\View->CodeIgniter\View\{closure}()
#3 /var/www/ava/system/Common.php(1089): CodeIgniter\View\View->render()
#4 /var/www/ava/app/Controllers/User.php(21): view()
#5 /var/www/ava/system/CodeIgniter.php(825): App\Controllers\User->index()
#6 /var/www/ava/system/CodeIgniter.php(412): CodeIgniter\CodeIgniter->runController()
#7 /var/www/ava/system/CodeIgniter.php(320): CodeIgniter\CodeIgniter->handleRequest()
#8 /var/www/ava/public/index.php(37): CodeIgniter\CodeIgniter->run()
#9 {main}
CRITICAL - 2022-02-02 07:58:54 --> anchor(): Argument #4 ($altConfig) must be of type ?Config\App, array given, called in /var/www/ava/app/Views/users.php on line 64
#0 /var/www/ava/app/Views/users.php(64): anchor()
#1 /var/www/ava/system/View/View.php(210): include('...')
#2 /var/www/ava/system/View/View.php(213): CodeIgniter\View\View->CodeIgniter\View\{closure}()
#3 /var/www/ava/system/Common.php(1089): CodeIgniter\View\View->render()
#4 /var/www/ava/app/Controllers/User.php(21): view()
#5 /var/www/ava/system/CodeIgniter.php(825): App\Controllers\User->index()
#6 /var/www/ava/system/CodeIgniter.php(412): CodeIgniter\CodeIgniter->runController()
#7 /var/www/ava/system/CodeIgniter.php(320): CodeIgniter\CodeIgniter->handleRequest()
#8 /var/www/ava/public/index.php(37): CodeIgniter\CodeIgniter->run()
#9 {main}
CRITICAL - 2022-02-02 07:58:55 --> anchor(): Argument #4 ($altConfig) must be of type ?Config\App, array given, called in /var/www/ava/app/Views/users.php on line 64
#0 /var/www/ava/app/Views/users.php(64): anchor()
#1 /var/www/ava/system/View/View.php(210): include('...')
#2 /var/www/ava/system/View/View.php(213): CodeIgniter\View\View->CodeIgniter\View\{closure}()
#3 /var/www/ava/system/Common.php(1089): CodeIgniter\View\View->render()
#4 /var/www/ava/app/Controllers/User.php(21): view()
#5 /var/www/ava/system/CodeIgniter.php(825): App\Controllers\User->index()
#6 /var/www/ava/system/CodeIgniter.php(412): CodeIgniter\CodeIgniter->runController()
#7 /var/www/ava/system/CodeIgniter.php(320): CodeIgniter\CodeIgniter->handleRequest()
#8 /var/www/ava/public/index.php(37): CodeIgniter\CodeIgniter->run()
#9 {main}
