CRITICAL - 2022-02-17 08:58:41 --> Undefined property: App\Controllers\Home::$load
#0 /var/www/ava/app/Controllers/Home.php(10): CodeIgniter\Debug\Exceptions->errorHandler()
#1 /var/www/ava/system/CodeIgniter.php(825): App\Controllers\Home->index()
#2 /var/www/ava/system/CodeIgniter.php(412): CodeIgniter\CodeIgniter->runController()
#3 /var/www/ava/system/CodeIgniter.php(320): CodeIgniter\CodeIgniter->handleRequest()
#4 /var/www/ava/public/index.php(38): CodeIgniter\CodeIgniter->run()
#5 {main}
CRITICAL - 2022-02-17 08:59:48 --> Undefined property: App\Controllers\Home::$load
#0 /var/www/ava/app/Controllers/Home.php(10): CodeIgniter\Debug\Exceptions->errorHandler()
#1 /var/www/ava/system/CodeIgniter.php(825): App\Controllers\Home->index()
#2 /var/www/ava/system/CodeIgniter.php(412): CodeIgniter\CodeIgniter->runController()
#3 /var/www/ava/system/CodeIgniter.php(320): CodeIgniter\CodeIgniter->handleRequest()
#4 /var/www/ava/public/index.php(38): CodeIgniter\CodeIgniter->run()
#5 {main}
CRITICAL - 2022-02-17 09:21:59 --> syntax error, unexpected variable "$this", expecting "," or ";"
#0 /var/www/ava/system/View/View.php(213): CodeIgniter\View\View->CodeIgniter\View\{closure}()
#1 /var/www/ava/system/Common.php(1089): CodeIgniter\View\View->render()
#2 /var/www/ava/app/Controllers/Home.php(9): view()
#3 /var/www/ava/system/CodeIgniter.php(825): App\Controllers\Home->index()
#4 /var/www/ava/system/CodeIgniter.php(412): CodeIgniter\CodeIgniter->runController()
#5 /var/www/ava/system/CodeIgniter.php(320): CodeIgniter\CodeIgniter->handleRequest()
#6 /var/www/ava/public/index.php(38): CodeIgniter\CodeIgniter->run()
#7 {main}
CRITICAL - 2022-02-17 09:22:25 --> Undefined property: CodeIgniter\View\View::$load
#0 /var/www/ava/app/Views/welcome_message.php(10): CodeIgniter\Debug\Exceptions->errorHandler()
#1 /var/www/ava/system/View/View.php(210): include('...')
#2 /var/www/ava/system/View/View.php(213): CodeIgniter\View\View->CodeIgniter\View\{closure}()
#3 /var/www/ava/system/Common.php(1089): CodeIgniter\View\View->render()
#4 /var/www/ava/app/Controllers/Home.php(9): view()
#5 /var/www/ava/system/CodeIgniter.php(825): App\Controllers\Home->index()
#6 /var/www/ava/system/CodeIgniter.php(412): CodeIgniter\CodeIgniter->runController()
#7 /var/www/ava/system/CodeIgniter.php(320): CodeIgniter\CodeIgniter->handleRequest()
#8 /var/www/ava/public/index.php(38): CodeIgniter\CodeIgniter->run()
#9 {main}
CRITICAL - 2022-02-17 09:23:09 --> Allowed memory size of 536870912 bytes exhausted (tried to allocate 16384 bytes)
#0 [internal function]: CodeIgniter\Debug\Exceptions->shutdownHandler()
#1 {main}
CRITICAL - 2022-02-17 09:23:28 --> Allowed memory size of 536870912 bytes exhausted (tried to allocate 16384 bytes)
#0 [internal function]: CodeIgniter\Debug\Exceptions->shutdownHandler()
#1 {main}
CRITICAL - 2022-02-17 09:24:29 --> Allowed memory size of 536870912 bytes exhausted (tried to allocate 32768 bytes)
#0 [internal function]: CodeIgniter\Debug\Exceptions->shutdownHandler()
#1 {main}
CRITICAL - 2022-02-17 09:24:34 --> Allowed memory size of 536870912 bytes exhausted (tried to allocate 32768 bytes)
#0 [internal function]: CodeIgniter\Debug\Exceptions->shutdownHandler()
#1 {main}
CRITICAL - 2022-02-17 09:24:36 --> Allowed memory size of 536870912 bytes exhausted (tried to allocate 16384 bytes)
#0 [internal function]: CodeIgniter\Debug\Exceptions->shutdownHandler()
#1 {main}
CRITICAL - 2022-02-17 09:24:36 --> Allowed memory size of 536870912 bytes exhausted (tried to allocate 16384 bytes)
#0 [internal function]: CodeIgniter\Debug\Exceptions->shutdownHandler()
#1 {main}
CRITICAL - 2022-02-17 09:24:36 --> Allowed memory size of 536870912 bytes exhausted (tried to allocate 16384 bytes)
#0 [internal function]: CodeIgniter\Debug\Exceptions->shutdownHandler()
#1 {main}
CRITICAL - 2022-02-17 09:24:36 --> Allowed memory size of 536870912 bytes exhausted (tried to allocate 16384 bytes)
#0 [internal function]: CodeIgniter\Debug\Exceptions->shutdownHandler()
#1 {main}
CRITICAL - 2022-02-17 09:24:36 --> Allowed memory size of 536870912 bytes exhausted (tried to allocate 16384 bytes)
#0 [internal function]: CodeIgniter\Debug\Exceptions->shutdownHandler()
#1 {main}
CRITICAL - 2022-02-17 09:24:36 --> Allowed memory size of 536870912 bytes exhausted (tried to allocate 16384 bytes)
#0 [internal function]: CodeIgniter\Debug\Exceptions->shutdownHandler()
#1 {main}
CRITICAL - 2022-02-17 09:24:37 --> Allowed memory size of 536870912 bytes exhausted (tried to allocate 16384 bytes)
#0 [internal function]: CodeIgniter\Debug\Exceptions->shutdownHandler()
#1 {main}
CRITICAL - 2022-02-17 09:24:37 --> Allowed memory size of 536870912 bytes exhausted (tried to allocate 16384 bytes)
#0 [internal function]: CodeIgniter\Debug\Exceptions->shutdownHandler()
#1 {main}
CRITICAL - 2022-02-17 09:24:37 --> Allowed memory size of 536870912 bytes exhausted (tried to allocate 16384 bytes)
#0 [internal function]: CodeIgniter\Debug\Exceptions->shutdownHandler()
#1 {main}
CRITICAL - 2022-02-17 09:24:37 --> Allowed memory size of 536870912 bytes exhausted (tried to allocate 16384 bytes)
#0 [internal function]: CodeIgniter\Debug\Exceptions->shutdownHandler()
#1 {main}
CRITICAL - 2022-02-17 09:24:37 --> Allowed memory size of 536870912 bytes exhausted (tried to allocate 16384 bytes)
#0 [internal function]: CodeIgniter\Debug\Exceptions->shutdownHandler()
#1 {main}
CRITICAL - 2022-02-17 09:24:37 --> Allowed memory size of 536870912 bytes exhausted (tried to allocate 16384 bytes)
#0 [internal function]: CodeIgniter\Debug\Exceptions->shutdownHandler()
#1 {main}
CRITICAL - 2022-02-17 09:24:37 --> Allowed memory size of 536870912 bytes exhausted (tried to allocate 16384 bytes)
#0 [internal function]: CodeIgniter\Debug\Exceptions->shutdownHandler()
#1 {main}
CRITICAL - 2022-02-17 09:24:37 --> Allowed memory size of 536870912 bytes exhausted (tried to allocate 16384 bytes)
#0 [internal function]: CodeIgniter\Debug\Exceptions->shutdownHandler()
#1 {main}
CRITICAL - 2022-02-17 09:24:38 --> Allowed memory size of 536870912 bytes exhausted (tried to allocate 16384 bytes)
#0 [internal function]: CodeIgniter\Debug\Exceptions->shutdownHandler()
#1 {main}
CRITICAL - 2022-02-17 09:24:38 --> Allowed memory size of 536870912 bytes exhausted (tried to allocate 16384 bytes)
#0 [internal function]: CodeIgniter\Debug\Exceptions->shutdownHandler()
#1 {main}
CRITICAL - 2022-02-17 09:24:38 --> Allowed memory size of 536870912 bytes exhausted (tried to allocate 16384 bytes)
#0 [internal function]: CodeIgniter\Debug\Exceptions->shutdownHandler()
#1 {main}
CRITICAL - 2022-02-17 09:24:38 --> Allowed memory size of 536870912 bytes exhausted (tried to allocate 16384 bytes)
#0 [internal function]: CodeIgniter\Debug\Exceptions->shutdownHandler()
#1 {main}
CRITICAL - 2022-02-17 09:24:38 --> Allowed memory size of 536870912 bytes exhausted (tried to allocate 16384 bytes)
#0 [internal function]: CodeIgniter\Debug\Exceptions->shutdownHandler()
#1 {main}
CRITICAL - 2022-02-17 09:24:41 --> Allowed memory size of 536870912 bytes exhausted (tried to allocate 16384 bytes)
#0 [internal function]: CodeIgniter\Debug\Exceptions->shutdownHandler()
#1 {main}
CRITICAL - 2022-02-17 09:24:42 --> Allowed memory size of 536870912 bytes exhausted (tried to allocate 16384 bytes)
#0 [internal function]: CodeIgniter\Debug\Exceptions->shutdownHandler()
#1 {main}
CRITICAL - 2022-02-17 09:24:42 --> Allowed memory size of 536870912 bytes exhausted (tried to allocate 16384 bytes)
#0 [internal function]: CodeIgniter\Debug\Exceptions->shutdownHandler()
#1 {main}
CRITICAL - 2022-02-17 09:24:42 --> Allowed memory size of 536870912 bytes exhausted (tried to allocate 16384 bytes)
#0 [internal function]: CodeIgniter\Debug\Exceptions->shutdownHandler()
#1 {main}
CRITICAL - 2022-02-17 09:24:43 --> Allowed memory size of 536870912 bytes exhausted (tried to allocate 16384 bytes)
#0 [internal function]: CodeIgniter\Debug\Exceptions->shutdownHandler()
#1 {main}
CRITICAL - 2022-02-17 09:24:43 --> Allowed memory size of 536870912 bytes exhausted (tried to allocate 16384 bytes)
#0 [internal function]: CodeIgniter\Debug\Exceptions->shutdownHandler()
#1 {main}
CRITICAL - 2022-02-17 09:24:43 --> Allowed memory size of 536870912 bytes exhausted (tried to allocate 16384 bytes)
#0 [internal function]: CodeIgniter\Debug\Exceptions->shutdownHandler()
#1 {main}
CRITICAL - 2022-02-17 09:24:43 --> Allowed memory size of 536870912 bytes exhausted (tried to allocate 16384 bytes)
#0 [internal function]: CodeIgniter\Debug\Exceptions->shutdownHandler()
#1 {main}
CRITICAL - 2022-02-17 09:24:43 --> Allowed memory size of 536870912 bytes exhausted (tried to allocate 16384 bytes)
#0 [internal function]: CodeIgniter\Debug\Exceptions->shutdownHandler()
#1 {main}
CRITICAL - 2022-02-17 09:24:43 --> Allowed memory size of 536870912 bytes exhausted (tried to allocate 16384 bytes)
#0 [internal function]: CodeIgniter\Debug\Exceptions->shutdownHandler()
#1 {main}
CRITICAL - 2022-02-17 09:24:43 --> Allowed memory size of 536870912 bytes exhausted (tried to allocate 16384 bytes)
#0 [internal function]: CodeIgniter\Debug\Exceptions->shutdownHandler()
#1 {main}
CRITICAL - 2022-02-17 09:24:43 --> Allowed memory size of 536870912 bytes exhausted (tried to allocate 16384 bytes)
#0 [internal function]: CodeIgniter\Debug\Exceptions->shutdownHandler()
#1 {main}
CRITICAL - 2022-02-17 09:24:43 --> Allowed memory size of 536870912 bytes exhausted (tried to allocate 16384 bytes)
#0 [internal function]: CodeIgniter\Debug\Exceptions->shutdownHandler()
#1 {main}
CRITICAL - 2022-02-17 09:24:43 --> Allowed memory size of 536870912 bytes exhausted (tried to allocate 16384 bytes)
#0 [internal function]: CodeIgniter\Debug\Exceptions->shutdownHandler()
#1 {main}
CRITICAL - 2022-02-17 09:24:43 --> Allowed memory size of 536870912 bytes exhausted (tried to allocate 16384 bytes)
#0 [internal function]: CodeIgniter\Debug\Exceptions->shutdownHandler()
#1 {main}
CRITICAL - 2022-02-17 09:24:44 --> Allowed memory size of 536870912 bytes exhausted (tried to allocate 16384 bytes)
#0 [internal function]: CodeIgniter\Debug\Exceptions->shutdownHandler()
#1 {main}
